e:\毕设\penwu3.0\penwu2.0\debug\penwu2.0.pch
e:\毕设\penwu3.0\penwu2.0\debug\vc140.pdb
e:\毕设\penwu3.0\penwu2.0\debug\vc140.idb
e:\毕设\penwu3.0\penwu2.0\debug\stdafx.obj
e:\毕设\penwu3.0\penwu2.0\debug\calculate_xy.obj
e:\毕设\penwu3.0\penwu2.0\debug\open_urg_sensor.obj
e:\毕设\penwu3.0\penwu2.0\debug\penwu2.0.obj
e:\毕设\penwu3.0\penwu2.0\debug\penwu2.0dlg.obj
e:\毕设\penwu3.0\penwu2.0\debug\urg_connection.obj
e:\毕设\penwu3.0\penwu2.0\debug\urg_ring_buffer.obj
e:\毕设\penwu3.0\penwu2.0\debug\urg_sensor.obj
e:\毕设\penwu3.0\penwu2.0\debug\urg_serial.obj
e:\毕设\penwu3.0\penwu2.0\debug\urg_serial_utils.obj
e:\毕设\penwu3.0\penwu2.0\debug\urg_tcpclient.obj
e:\毕设\penwu3.0\penwu2.0\debug\urg_utils.obj
e:\毕设\penwu3.0\penwu2.0\debug\workthread.obj
e:\挑战杯程序\penwu3.0\penwu2.0\debug\penwu2.0.pch
e:\挑战杯程序\penwu3.0\penwu2.0\debug\vc140.pdb
e:\挑战杯程序\penwu3.0\penwu2.0\debug\vc140.idb
e:\挑战杯程序\penwu3.0\penwu2.0\debug\stdafx.obj
e:\挑战杯程序\penwu3.0\penwu2.0\debug\calculate_xy.obj
e:\挑战杯程序\penwu3.0\penwu2.0\debug\open_urg_sensor.obj
e:\挑战杯程序\penwu3.0\penwu2.0\debug\penwu2.0.obj
e:\挑战杯程序\penwu3.0\penwu2.0\debug\penwu2.0dlg.obj
e:\挑战杯程序\penwu3.0\penwu2.0\debug\urg_connection.obj
e:\挑战杯程序\penwu3.0\penwu2.0\debug\urg_ring_buffer.obj
e:\挑战杯程序\penwu3.0\penwu2.0\debug\urg_sensor.obj
e:\挑战杯程序\penwu3.0\penwu2.0\debug\urg_serial.obj
e:\挑战杯程序\penwu3.0\penwu2.0\debug\urg_serial_utils.obj
e:\挑战杯程序\penwu3.0\penwu2.0\debug\urg_tcpclient.obj
e:\挑战杯程序\penwu3.0\penwu2.0\debug\urg_utils.obj
e:\挑战杯程序\penwu3.0\penwu2.0\debug\workthread.obj
e:\挑战杯程序\penwu3.0\debug\penwu2.0.ilk
e:\挑战杯程序\penwu3.0\debug\penwu2.0.exe
e:\挑战杯程序\penwu3.0\debug\penwu2.0.pdb
e:\毕设\penwu3.0\penwu2.0\debug\penwu2.0.res
e:\挑战杯程序\penwu3.0\penwu2.0\debug\penwu2.0.res
e:\挑战杯程序\penwu3.0\penwu2.0\debug\penwu2.0.tlog\cl.command.1.tlog
e:\挑战杯程序\penwu3.0\penwu2.0\debug\penwu2.0.tlog\cl.read.1.tlog
e:\挑战杯程序\penwu3.0\penwu2.0\debug\penwu2.0.tlog\cl.write.1.tlog
e:\挑战杯程序\penwu3.0\penwu2.0\debug\penwu2.0.tlog\link.command.1.tlog
e:\挑战杯程序\penwu3.0\penwu2.0\debug\penwu2.0.tlog\link.read.1.tlog
e:\挑战杯程序\penwu3.0\penwu2.0\debug\penwu2.0.tlog\link.write.1.tlog
e:\挑战杯程序\penwu3.0\penwu2.0\debug\penwu2.0.tlog\rc.command.1.tlog
e:\挑战杯程序\penwu3.0\penwu2.0\debug\penwu2.0.tlog\rc.read.1.tlog
e:\挑战杯程序\penwu3.0\penwu2.0\debug\penwu2.0.tlog\rc.write.1.tlog
